{
"/Users/jobney/dev/forecast-grouper/lib/forecast-grouper.js":{"path":"/Users/jobney/dev/forecast-grouper/lib/forecast-grouper.js","s":{"1":1,"2":1,"3":3,"4":3,"5":6,"6":3,"7":3,"8":6,"9":6,"10":1,"11":21,"12":1,"13":21,"14":3,"15":1,"16":6,"17":1,"18":6,"19":6,"20":6},"b":{},"f":{"1":3,"2":6,"3":6,"4":21,"5":21,"6":6,"7":6},"fnMap":{"1":{"name":"(anonymous_1)","line":13,"loc":{"start":{"line":13,"column":16},"end":{"line":13,"column":39}}},"2":{"name":"(anonymous_2)","line":19,"loc":{"start":{"line":19,"column":13},"end":{"line":19,"column":32}}},"3":{"name":"(anonymous_3)","line":25,"loc":{"start":{"line":25,"column":29},"end":{"line":25,"column":46}}},"4":{"name":"findOlderDebits","line":30,"loc":{"start":{"line":30,"column":4},"end":{"line":30,"column":35}}},"5":{"name":"removeProcessedDebits","line":34,"loc":{"start":{"line":34,"column":4},"end":{"line":34,"column":41}}},"6":{"name":"orderByDate","line":41,"loc":{"start":{"line":41,"column":2},"end":{"line":41,"column":29}}},"7":{"name":"WeekSummary","line":44,"loc":{"start":{"line":44,"column":0},"end":{"line":44,"column":44}}}},"statementMap":{"1":{"start":{"line":11,"column":0},"end":{"line":11,"column":26}},"2":{"start":{"line":13,"column":0},"end":{"line":42,"column":2}},"3":{"start":{"line":14,"column":2},"end":{"line":15,"column":46}},"4":{"start":{"line":17,"column":2},"end":{"line":21,"column":7}},"5":{"start":{"line":20,"column":6},"end":{"line":20,"column":52}},"6":{"start":{"line":23,"column":2},"end":{"line":23,"column":67}},"7":{"start":{"line":25,"column":2},"end":{"line":37,"column":5}},"8":{"start":{"line":26,"column":4},"end":{"line":26,"column":62}},"9":{"start":{"line":28,"column":4},"end":{"line":28,"column":67}},"10":{"start":{"line":30,"column":4},"end":{"line":32,"column":5}},"11":{"start":{"line":31,"column":6},"end":{"line":31,"column":59}},"12":{"start":{"line":34,"column":4},"end":{"line":36,"column":5}},"13":{"start":{"line":35,"column":6},"end":{"line":35,"column":47}},"14":{"start":{"line":39,"column":2},"end":{"line":39,"column":19}},"15":{"start":{"line":41,"column":2},"end":{"line":41,"column":59}},"16":{"start":{"line":41,"column":30},"end":{"line":41,"column":58}},"17":{"start":{"line":44,"column":0},"end":{"line":48,"column":1}},"18":{"start":{"line":45,"column":2},"end":{"line":45,"column":19}},"19":{"start":{"line":46,"column":2},"end":{"line":46,"column":25}},"20":{"start":{"line":47,"column":2},"end":{"line":47,"column":23}}},"branchMap":{},"l":{"11":1,"13":1,"14":3,"17":3,"20":6,"23":3,"25":3,"26":6,"28":6,"30":1,"31":21,"34":1,"35":21,"39":3,"41":6,"44":1,"45":6,"46":6,"47":6}}}
