TN:
SF:/Users/jobney/dev/forecast-grouper/lib/forecast-grouper.js
FN:13,(anonymous_1)
FN:19,(anonymous_2)
FN:25,(anonymous_3)
FN:30,findOlderDebits
FN:34,removeProcessedDebits
FN:41,orderByDate
FN:44,WeekSummary
FNF:7
FNH:7
FNDA:3,(anonymous_1)
FNDA:6,(anonymous_2)
FNDA:6,(anonymous_3)
FNDA:21,findOlderDebits
FNDA:21,removeProcessedDebits
FNDA:6,orderByDate
FNDA:6,WeekSummary
DA:11,1
DA:13,1
DA:14,3
DA:17,3
DA:20,6
DA:23,3
DA:25,3
DA:26,6
DA:28,6
DA:30,1
DA:31,21
DA:34,1
DA:35,21
DA:39,3
DA:41,6
DA:44,1
DA:45,6
DA:46,6
DA:47,6
LF:19
LH:19
BRF:0
BRH:0
end_of_record
